outputs/logs/manifest-merger-debug-report.txt
-- Merging decision tree log ---
manifest
ADDED from src\main\AndroidManifest.xml:2:1-179:12
INJECTED from src\main\AndroidManifest.xml:2:1-179:12
INJECTED from src\main\AndroidManifest.xml:2:1-179:12
INJECTED from src\main\AndroidManifest.xml:2:1-179:12
MERGED from [com.google.android.material:material:1.10.0] AndroidManifest.xml:17:1-24:12
MERGED from [androidx.constraintlayout:constraintlayout:2.1.4] AndroidManifest.xml:2:1-11:12
MERGED from [androidx.appcompat:appcompat-resources:1.6.1] AndroidManifest.xml:17:1-22:12
MERGED from [androidx.appcompat:appcompat:1.6.1] AndroidManifest.xml:17:1-22:12
MERGED from [androidx.viewpager2:viewpager2:1.1.0-beta02] AndroidManifest.xml:2:1-7:12
MERGED from [androidx.recyclerview:recyclerview:1.3.2] AndroidManifest.xml:17:1-22:12
MERGED from [androidx.cardview:cardview:1.0.0] AndroidManifest.xml:17:1-22:12
MERGED from [com.google.firebase:firebase-firestore:26.0.2] AndroidManifest.xml:2:1-26:12
MERGED from [io.grpc:grpc-android:1.62.2] AndroidManifest.xml:2:1-9:12
MERGED from [com.google.firebase:firebase-analytics:23.0.0] AndroidManifest.xml:2:1-9:12
MERGED from [com.google.firebase:firebase-auth:24.0.1] AndroidManifest.xml:17:1-75:12
MERGED from [com.google.firebase:firebase-database:22.0.1] AndroidManifest.xml:15:1-38:12
MERGED from [com.google.firebase:firebase-storage:22.0.1] AndroidManifest.xml:15:1-39:12
MERGED from [com.google.firebase:firebase-appcheck:19.0.1] AndroidManifest.xml:15:1-34:12
MERGED from [com.google.android.gms:play-services-measurement-api:23.0.0] AndroidManifest.xml:17:1-39:12
MERGED from [com.google.firebase:firebase-auth-interop:20.0.0] AndroidManifest.xml:2:1-10:12
MERGED from [com.google.firebase:firebase-installations:19.0.1] AndroidManifest.xml:2:1-24:12
MERGED from [com.google.firebase:firebase-common:22.0.1] AndroidManifest.xml:15:1-41:12
MERGED from [com.google.android.gms:play-services-measurement:23.0.0] AndroidManifest.xml:17:1-46:12
MERGED from [com.google.android.gms:play-services-measurement-sdk:23.0.0] AndroidManifest.xml:17:1-25:12
MERGED from [androidx.credentials:credentials:1.2.0-rc01] AndroidManifest.xml:2:1-7:12
MERGED from [androidx.credentials:credentials-play-services-auth:1.2.0-rc01] AndroidManifest.xml:17:1-44:12
MERGED from [com.google.android.gms:play-services-auth:20.7.0] AndroidManifest.xml:17:1-40:12
MERGED from [com.google.android.gms:play-services-auth-api-phone:18.0.2] AndroidManifest.xml:2:1-7:12
MERGED from [com.google.android.recaptcha:recaptcha:18.6.1] AndroidManifest.xml:2:1-11:12
MERGED from [com.google.android.play:integrity:1.3.0] AndroidManifest.xml:2:1-7:12
MERGED from [com.google.firebase:firebase-appcheck-interop:17.1.0] AndroidManifest.xml:15:1-23:12
MERGED from [com.google.android.gms:play-services-measurement-impl:23.0.0] AndroidManifest.xml:17:1-32:12
MERGED from [com.google.android.gms:play-services-fido:20.1.0] AndroidManifest.xml:2:1-10:12
MERGED from [androidx.privacysandbox.ads:ads-adservices-java:1.1.0-beta11] AndroidManifest.xml:2:1-7:12
MERGED from [androidx.privacysandbox.ads:ads-adservices:1.1.0-beta11] AndroidManifest.xml:17:1-28:12
MERGED from [androidx.datastore:datastore-core-android:1.1.7] AndroidManifest.xml:2:1-7:12
MERGED from [androidx.datastore:datastore-preferences-core-android:1.1.7] AndroidManifest.xml:2:1-7:12
MERGED from [androidx.datastore:datastore-android:1.1.7] AndroidManifest.xml:17:1-22:12
MERGED from [androidx.datastore:datastore-preferences-android:1.1.7] AndroidManifest.xml:17:1-22:12
MERGED from [androidx.emoji2:emoji2-views-helper:1.2.0] AndroidManifest.xml:2:1-7:12
MERGED from [androidx.emoji2:emoji2:1.2.0] AndroidManifest.xml:17:1-35:12
MERGED from [androidx.drawerlayout:drawerlayout:1.1.1] AndroidManifest.xml:17:1-24:12
MERGED from [androidx.coordinatorlayout:coordinatorlayout:1.1.0] AndroidManifest.xml:17:1-24:12
MERGED from [androidx.dynamicanimation:dynamicanimation:1.0.0] AndroidManifest.xml:17:1-22:12
MERGED from [androidx.transition:transition:1.2.0] AndroidManifest.xml:17:1-24:12
MERGED from [androidx.vectordrawable:vectordrawable-animated:1.1.0] AndroidManifest.xml:17:1-24:12
MERGED from [androidx.vectordrawable:vectordrawable:1.1.0] AndroidManifest.xml:17:1-24:12
MERGED from [androidx.browser:browser:1.4.0] AndroidManifest.xml:17:1-24:12
MERGED from [androidx.customview:customview-poolingcontainer:1.0.0] AndroidManifest.xml:17:1-23:12
MERGED from [androidx.core:core-ktx:1.9.0] AndroidManifest.xml:2:1-7:12
MERGED from [androidx.viewpager:viewpager:1.0.0] AndroidManifest.xml:17:1-22:12
MERGED from [com.google.android.gms:play-services-stats:17.0.2] AndroidManifest.xml:2:1-9:12
MERGED from [androidx.legacy:legacy-support-core-utils:1.0.0] AndroidManifest.xml:17:1-22:12
MERGED from [androidx.loader:loader:1.0.0] AndroidManifest.xml:17:1-22:12
MERGED from [androidx.customview:customview:1.1.0] AndroidManifest.xml:17:1-24:12
MERGED from [com.google.firebase:firebase-database-collection:18.0.1] AndroidManifest.xml:2:1-9:12
MERGED from [com.google.android.gms:play-services-auth-base:18.0.4] AndroidManifest.xml:2:1-7:12
MERGED from [com.google.android.gms:play-services-base:18.5.0] AndroidManifest.xml:2:1-7:12
MERGED from [androidx.core:core:1.9.0] AndroidManifest.xml:17:1-30:12
MERGED from [androidx.savedstate:savedstate:1.2.1] AndroidManifest.xml:17:1-22:12
MERGED from [androidx.lifecycle:lifecycle-process:2.6.1] AndroidManifest.xml:17:1-35:12
MERGED from [androidx.lifecycle:lifecycle-livedata-core:2.6.1] AndroidManifest.xml:17:1-22:12
MERGED from [androidx.lifecycle:lifecycle-livedata:2.6.1] AndroidManifest.xml:17:1-22:12
MERGED from [androidx.lifecycle:lifecycle-viewmodel:2.6.1] AndroidManifest.xml:17:1-22:12
MERGED from [androidx.lifecycle:lifecycle-runtime:2.6.1] AndroidManifest.xml:2:1-7:12
MERGED from [androidx.lifecycle:lifecycle-viewmodel-savedstate:2.6.1] AndroidManifest.xml:17:1-22:12
MERGED from [com.google.firebase:firebase-installations-interop:17.1.1] AndroidManifest.xml:15:1-19:12
MERGED from [com.google.android.gms:play-services-tasks:18.2.0] AndroidManifest.xml:2:1-5:12
MERGED from [com.google.android.gms:play-services-ads-identifier:18.0.0] AndroidManifest.xml:17:1-27:12
MERGED from [com.google.android.gms:play-services-measurement-sdk-api:23.0.0] AndroidManifest.xml:17:1-30:12
MERGED from [com.google.android.gms:play-services-measurement-base:23.0.0] AndroidManifest.xml:2:1-9:12
MERGED from [com.google.firebase:firebase-measurement-connector:19.0.0] AndroidManifest.xml:17:1-25:12
MERGED from [com.google.android.gms:play-services-basement:18.8.0] AndroidManifest.xml:16:1-26:12
MERGED from [androidx.fragment:fragment:1.3.6] AndroidManifest.xml:17:1-24:12
MERGED from [androidx.activity:activity:1.8.0] AndroidManifest.xml:17:1-22:12
MERGED from [androidx.cursoradapter:cursoradapter:1.0.0] AndroidManifest.xml:17:1-22:12
MERGED from [androidx.localbroadcastmanager:localbroadcastmanager:1.0.0] AndroidManifest.xml:17:1-22:12
MERGED from [com.google.firebase:firebase-components:19.0.0] AndroidManifest.xml:15:1-20:12
MERGED from [androidx.versionedparcelable:versionedparcelable:1.1.1] AndroidManifest.xml:17:1-27:12
MERGED from [androidx.profileinstaller:profileinstaller:1.3.0] AndroidManifest.xml:17:1-55:12
MERGED from [androidx.startup:startup-runtime:1.1.1] AndroidManifest.xml:17:1-33:12
MERGED from [androidx.tracing:tracing:1.0.0] AndroidManifest.xml:17:1-24:12
MERGED from [androidx.interpolator:interpolator:1.0.0] AndroidManifest.xml:17:1-22:12
MERGED from [androidx.arch.core:core-runtime:2.2.0] AndroidManifest.xml:17:1-22:12
MERGED from [androidx.documentfile:documentfile:1.0.0] AndroidManifest.xml:17:1-22:12
MERGED from [androidx.print:print:1.0.0] AndroidManifest.xml:17:1-22:12
MERGED from [androidx.annotation:annotation-experimental:1.3.0] AndroidManifest.xml:17:1-22:12
MERGED from [com.google.android.libraries.identity.googleid:googleid:1.1.0] AndroidManifest.xml:2:1-7:12
MERGED from [com.google.firebase:protolite-well-known-types:18.0.1] AndroidManifest.xml:2:1-7:12
MERGED from [com.google.android.play:core-common:2.0.3] AndroidManifest.xml:2:1-21:12
	package
		INJECTED from src\main\AndroidManifest.xml
	android:versionName
		INJECTED from src\main\AndroidManifest.xml
	xmlns:tools
		ADDED from src\main\AndroidManifest.xml:3:5-51
	android:versionCode
		INJECTED from src\main\AndroidManifest.xml
	xmlns:android
		ADDED from src\main\AndroidManifest.xml:2:11-69
uses-permission#android.permission.PACKAGE_USAGE_STATS
ADDED from src\main\AndroidManifest.xml:7:5-8:47
	tools:ignore
		ADDED from src\main\AndroidManifest.xml:8:9-44
	android:name
		ADDED from src\main\AndroidManifest.xml:7:22-75
uses-permission#android.permission.SYSTEM_ALERT_WINDOW
ADDED from src\main\AndroidManifest.xml:9:5-78
	android:name
		ADDED from src\main\AndroidManifest.xml:9:22-75
uses-permission#android.permission.POST_NOTIFICATIONS
ADDED from src\main\AndroidManifest.xml:12:5-77
	android:name
		ADDED from src\main\AndroidManifest.xml:12:22-74
uses-permission#android.permission.FOREGROUND_SERVICE
ADDED from src\main\AndroidManifest.xml:15:5-77
	android:name
		ADDED from src\main\AndroidManifest.xml:15:22-74
uses-permission#android.permission.ACCESS_NOTIFICATION_POLICY
ADDED from src\main\AndroidManifest.xml:18:5-85
	android:name
		ADDED from src\main\AndroidManifest.xml:18:22-82
queries
ADDED from src\main\AndroidManifest.xml:21:5-26:15
intent#action:name:android.intent.action.MAIN+category:name:android.intent.category.LAUNCHER
ADDED from src\main\AndroidManifest.xml:22:9-25:18
action#android.intent.action.MAIN
ADDED from src\main\AndroidManifest.xml:23:13-65
	android:name
		ADDED from src\main\AndroidManifest.xml:23:21-62
category#android.intent.category.LAUNCHER
ADDED from src\main\AndroidManifest.xml:24:13-73
	android:name
		ADDED from src\main\AndroidManifest.xml:24:23-70
application
ADDED from src\main\AndroidManifest.xml:28:5-177:19
INJECTED from src\main\AndroidManifest.xml:28:5-177:19
MERGED from [com.google.android.material:material:1.10.0] AndroidManifest.xml:22:5-20
MERGED from [com.google.android.material:material:1.10.0] AndroidManifest.xml:22:5-20
MERGED from [androidx.constraintlayout:constraintlayout:2.1.4] AndroidManifest.xml:9:5-20
MERGED from [androidx.constraintlayout:constraintlayout:2.1.4] AndroidManifest.xml:9:5-20
MERGED from [com.google.firebase:firebase-firestore:26.0.2] AndroidManifest.xml:13:5-24:19
MERGED from [com.google.firebase:firebase-firestore:26.0.2] AndroidManifest.xml:13:5-24:19
MERGED from [com.google.firebase:firebase-analytics:23.0.0] AndroidManifest.xml:7:5-20
MERGED from [com.google.firebase:firebase-analytics:23.0.0] AndroidManifest.xml:7:5-20
MERGED from [com.google.firebase:firebase-auth:24.0.1] AndroidManifest.xml:28:5-73:19
MERGED from [com.google.firebase:firebase-auth:24.0.1] AndroidManifest.xml:28:5-73:19
MERGED from [com.google.firebase:firebase-database:22.0.1] AndroidManifest.xml:25:5-36:19
MERGED from [com.google.firebase:firebase-database:22.0.1] AndroidManifest.xml:25:5-36:19
MERGED from [com.google.firebase:firebase-storage:22.0.1] AndroidManifest.xml:26:5-37:19
MERGED from [com.google.firebase:firebase-storage:22.0.1] AndroidManifest.xml:26:5-37:19
MERGED from [com.google.firebase:firebase-appcheck:19.0.1] AndroidManifest.xml:21:5-32:19
MERGED from [com.google.firebase:firebase-appcheck:19.0.1] AndroidManifest.xml:21:5-32:19
MERGED from [com.google.android.gms:play-services-measurement-api:23.0.0] AndroidManifest.xml:29:5-37:19
MERGED from [com.google.android.gms:play-services-measurement-api:23.0.0] AndroidManifest.xml:29:5-37:19
MERGED from [com.google.firebase:firebase-auth-interop:20.0.0] AndroidManifest.xml:7:5-8:19
MERGED from [com.google.firebase:firebase-auth-interop:20.0.0] AndroidManifest.xml:7:5-8:19
MERGED from [com.google.firebase:firebase-installations:19.0.1] AndroidManifest.xml:11:5-22:19
MERGED from [com.google.firebase:firebase-installations:19.0.1] AndroidManifest.xml:11:5-22:19
MERGED from [com.google.firebase:firebase-common:22.0.1] AndroidManifest.xml:22:5-39:19
MERGED from [com.google.firebase:firebase-common:22.0.1] AndroidManifest.xml:22:5-39:19
MERGED from [com.google.android.gms:play-services-measurement:23.0.0] AndroidManifest.xml:28:5-44:19
MERGED from [com.google.android.gms:play-services-measurement:23.0.0] AndroidManifest.xml:28:5-44:19
MERGED from [com.google.android.gms:play-services-measurement-sdk:23.0.0] AndroidManifest.xml:22:5-23:19
MERGED from [com.google.android.gms:play-services-measurement-sdk:23.0.0] AndroidManifest.xml:22:5-23:19
MERGED from [androidx.credentials:credentials-play-services-auth:1.2.0-rc01] AndroidManifest.xml:23:5-42:19
MERGED from [androidx.credentials:credentials-play-services-auth:1.2.0-rc01] AndroidManifest.xml:23:5-42:19
MERGED from [com.google.android.gms:play-services-auth:20.7.0] AndroidManifest.xml:22:5-38:19
MERGED from [com.google.android.gms:play-services-auth:20.7.0] AndroidManifest.xml:22:5-38:19
MERGED from [com.google.android.play:integrity:1.3.0] AndroidManifest.xml:5:5-6:19
MERGED from [com.google.android.play:integrity:1.3.0] AndroidManifest.xml:5:5-6:19
MERGED from [com.google.firebase:firebase-appcheck-interop:17.1.0] AndroidManifest.xml:21:5-20
MERGED from [com.google.firebase:firebase-appcheck-interop:17.1.0] AndroidManifest.xml:21:5-20
MERGED from [com.google.android.gms:play-services-measurement-impl:23.0.0] AndroidManifest.xml:29:5-30:19
MERGED from [com.google.android.gms:play-services-measurement-impl:23.0.0] AndroidManifest.xml:29:5-30:19
MERGED from [com.google.android.gms:play-services-fido:20.1.0] AndroidManifest.xml:7:5-8:19
MERGED from [com.google.android.gms:play-services-fido:20.1.0] AndroidManifest.xml:7:5-8:19
MERGED from [androidx.privacysandbox.ads:ads-adservices:1.1.0-beta11] AndroidManifest.xml:22:5-26:19
MERGED from [androidx.privacysandbox.ads:ads-adservices:1.1.0-beta11] AndroidManifest.xml:22:5-26:19
MERGED from [androidx.emoji2:emoji2:1.2.0] AndroidManifest.xml:23:5-33:19
MERGED from [androidx.emoji2:emoji2:1.2.0] AndroidManifest.xml:23:5-33:19
MERGED from [com.google.android.gms:play-services-stats:17.0.2] AndroidManifest.xml:7:5-20
MERGED from [com.google.android.gms:play-services-stats:17.0.2] AndroidManifest.xml:7:5-20
MERGED from [com.google.android.gms:play-services-base:18.5.0] AndroidManifest.xml:4:5-6:19
MERGED from [com.google.android.gms:play-services-base:18.5.0] AndroidManifest.xml:4:5-6:19
MERGED from [androidx.core:core:1.9.0] AndroidManifest.xml:28:5-89
MERGED from [androidx.core:core:1.9.0] AndroidManifest.xml:28:5-89
MERGED from [androidx.lifecycle:lifecycle-process:2.6.1] AndroidManifest.xml:23:5-33:19
MERGED from [androidx.lifecycle:lifecycle-process:2.6.1] AndroidManifest.xml:23:5-33:19
MERGED from [com.google.android.gms:play-services-tasks:18.2.0] AndroidManifest.xml:4:5-20
MERGED from [com.google.android.gms:play-services-tasks:18.2.0] AndroidManifest.xml:4:5-20
MERGED from [com.google.android.gms:play-services-ads-identifier:18.0.0] AndroidManifest.xml:25:5-20
MERGED from [com.google.android.gms:play-services-ads-identifier:18.0.0] AndroidManifest.xml:25:5-20
MERGED from [com.google.android.gms:play-services-measurement-base:23.0.0] AndroidManifest.xml:7:5-20
MERGED from [com.google.android.gms:play-services-measurement-base:23.0.0] AndroidManifest.xml:7:5-20
MERGED from [com.google.firebase:firebase-measurement-connector:19.0.0] AndroidManifest.xml:22:5-23:19
MERGED from [com.google.firebase:firebase-measurement-connector:19.0.0] AndroidManifest.xml:22:5-23:19
MERGED from [com.google.android.gms:play-services-basement:18.8.0] AndroidManifest.xml:20:5-24:19
MERGED from [com.google.android.gms:play-services-basement:18.8.0] AndroidManifest.xml:20:5-24:19
MERGED from [androidx.versionedparcelable:versionedparcelable:1.1.1] AndroidManifest.xml:24:5-25:19
MERGED from [androidx.versionedparcelable:versionedparcelable:1.1.1] AndroidManifest.xml:24:5-25:19
MERGED from [androidx.profileinstaller:profileinstaller:1.3.0] AndroidManifest.xml:23:5-53:19
MERGED from [androidx.profileinstaller:profileinstaller:1.3.0] AndroidManifest.xml:23:5-53:19
MERGED from [androidx.startup:startup-runtime:1.1.1] AndroidManifest.xml:25:5-31:19
MERGED from [androidx.startup:startup-runtime:1.1.1] AndroidManifest.xml:25:5-31:19
MERGED from [com.google.android.play:core-common:2.0.3] AndroidManifest.xml:11:5-19:19
MERGED from [com.google.android.play:core-common:2.0.3] AndroidManifest.xml:11:5-19:19
	android:extractNativeLibs
		INJECTED from src\main\AndroidManifest.xml
	android:appComponentFactory
		ADDED from [androidx.core:core:1.9.0] AndroidManifest.xml:28:18-86
	android:supportsRtl
		ADDED from src\main\AndroidManifest.xml:37:9-35
	android:label
		ADDED from src\main\AndroidManifest.xml:35:9-41
	android:fullBackupContent
		ADDED from src\main\AndroidManifest.xml:33:9-54
	android:roundIcon
		ADDED from src\main\AndroidManifest.xml:36:9-41
	android:icon
		ADDED from src\main\AndroidManifest.xml:34:9-36
	android:allowBackup
		ADDED from src\main\AndroidManifest.xml:30:9-35
	android:theme
		ADDED from src\main\AndroidManifest.xml:38:9-44
	android:dataExtractionRules
		ADDED from src\main\AndroidManifest.xml:32:9-65
	android:usesCleartextTraffic
		ADDED from src\main\AndroidManifest.xml:31:9-44
	android:name
		ADDED from src\main\AndroidManifest.xml:29:9-42
activity#com.escape.app.ui.MainActivity
ADDED from src\main\AndroidManifest.xml:41:9-50:20
	android:label
		ADDED from src\main\AndroidManifest.xml:44:13-45
	android:exported
		ADDED from src\main\AndroidManifest.xml:43:13-36
	android:theme
		ADDED from src\main\AndroidManifest.xml:45:13-48
	android:name
		ADDED from src\main\AndroidManifest.xml:42:13-44
intent-filter#action:name:android.intent.action.MAIN+category:name:android.intent.category.LAUNCHER
ADDED from src\main\AndroidManifest.xml:46:13-49:29
activity#com.escape.app.ui.BlockingActivity
ADDED from src\main\AndroidManifest.xml:53:9-61:43
	android:turnScreenOn
		ADDED from src\main\AndroidManifest.xml:61:13-40
	android:excludeFromRecents
		ADDED from src\main\AndroidManifest.xml:58:13-46
	android:launchMode
		ADDED from src\main\AndroidManifest.xml:57:13-44
	android:exported
		ADDED from src\main\AndroidManifest.xml:55:13-37
	android:showOnLockScreen
		ADDED from src\main\AndroidManifest.xml:60:13-44
	android:theme
		ADDED from src\main\AndroidManifest.xml:56:13-57
	android:taskAffinity
		ADDED from src\main\AndroidManifest.xml:59:13-36
	android:name
		ADDED from src\main\AndroidManifest.xml:54:13-48
activity#com.escape.app.ui.AppSelectionActivity
ADDED from src\main\AndroidManifest.xml:64:9-68:51
	android:label
		ADDED from src\main\AndroidManifest.xml:67:13-54
	android:exported
		ADDED from src\main\AndroidManifest.xml:66:13-37
	android:theme
		ADDED from src\main\AndroidManifest.xml:68:13-48
	android:name
		ADDED from src\main\AndroidManifest.xml:65:13-52
activity#com.escape.app.ui.StatisticsActivity
ADDED from src\main\AndroidManifest.xml:71:9-75:51
	android:label
		ADDED from src\main\AndroidManifest.xml:74:13-53
	android:exported
		ADDED from src\main\AndroidManifest.xml:73:13-37
	android:theme
		ADDED from src\main\AndroidManifest.xml:75:13-48
	android:name
		ADDED from src\main\AndroidManifest.xml:72:13-50
activity#com.escape.app.ui.SettingsActivity
ADDED from src\main\AndroidManifest.xml:78:9-82:51
	android:label
		ADDED from src\main\AndroidManifest.xml:81:13-51
	android:exported
		ADDED from src\main\AndroidManifest.xml:80:13-37
	android:theme
		ADDED from src\main\AndroidManifest.xml:82:13-48
	android:name
		ADDED from src\main\AndroidManifest.xml:79:13-48
activity#com.escape.app.ui.AccountActivity
ADDED from src\main\AndroidManifest.xml:85:9-89:51
	android:label
		ADDED from src\main\AndroidManifest.xml:88:13-36
	android:exported
		ADDED from src\main\AndroidManifest.xml:87:13-37
	android:theme
		ADDED from src\main\AndroidManifest.xml:89:13-48
	android:name
		ADDED from src\main\AndroidManifest.xml:86:13-47
activity#com.escape.app.ui.FocusSessionActivity
ADDED from src\main\AndroidManifest.xml:92:9-97:52
	android:screenOrientation
		ADDED from src\main\AndroidManifest.xml:97:13-49
	android:label
		ADDED from src\main\AndroidManifest.xml:95:13-57
	android:exported
		ADDED from src\main\AndroidManifest.xml:94:13-37
	android:theme
		ADDED from src\main\AndroidManifest.xml:96:13-48
	android:name
		ADDED from src\main\AndroidManifest.xml:93:13-52
activity#com.escape.app.ui.SudokuGameActivity
ADDED from src\main\AndroidManifest.xml:100:9-106:46
	android:screenOrientation
		ADDED from src\main\AndroidManifest.xml:105:13-49
	android:label
		ADDED from src\main\AndroidManifest.xml:103:13-49
	android:launchMode
		ADDED from src\main\AndroidManifest.xml:106:13-43
	android:exported
		ADDED from src\main\AndroidManifest.xml:102:13-37
	android:theme
		ADDED from src\main\AndroidManifest.xml:104:13-48
	android:name
		ADDED from src\main\AndroidManifest.xml:101:13-50
activity#com.escape.app.ui.WordleGameActivity
ADDED from src\main\AndroidManifest.xml:109:9-115:46
	android:screenOrientation
		ADDED from src\main\AndroidManifest.xml:114:13-49
	android:label
		ADDED from src\main\AndroidManifest.xml:112:13-49
	android:launchMode
		ADDED from src\main\AndroidManifest.xml:115:13-43
	android:exported
		ADDED from src\main\AndroidManifest.xml:111:13-37
	android:theme
		ADDED from src\main\AndroidManifest.xml:113:13-48
	android:name
		ADDED from src\main\AndroidManifest.xml:110:13-50
activity#com.escape.app.ui.ConnectFourGameActivity
ADDED from src\main\AndroidManifest.xml:118:9-124:46
	android:screenOrientation
		ADDED from src\main\AndroidManifest.xml:123:13-49
	android:label
		ADDED from src\main\AndroidManifest.xml:121:13-55
	android:launchMode
		ADDED from src\main\AndroidManifest.xml:124:13-43
	android:exported
		ADDED from src\main\AndroidManifest.xml:120:13-37
	android:theme
		ADDED from src\main\AndroidManifest.xml:122:13-48
	android:name
		ADDED from src\main\AndroidManifest.xml:119:13-55
activity#com.escape.app.ui.Game2048Activity
ADDED from src\main\AndroidManifest.xml:127:9-133:46
	android:screenOrientation
		ADDED from src\main\AndroidManifest.xml:132:13-49
	android:label
		ADDED from src\main\AndroidManifest.xml:130:13-52
	android:launchMode
		ADDED from src\main\AndroidManifest.xml:133:13-43
	android:exported
		ADDED from src\main\AndroidManifest.xml:129:13-37
	android:theme
		ADDED from src\main\AndroidManifest.xml:131:13-48
	android:name
		ADDED from src\main\AndroidManifest.xml:128:13-48
activity#com.escape.app.ui.LoginActivity
ADDED from src\main\AndroidManifest.xml:136:9-140:51
	android:label
		ADDED from src\main\AndroidManifest.xml:139:13-36
	android:exported
		ADDED from src\main\AndroidManifest.xml:138:13-37
	android:theme
		ADDED from src\main\AndroidManifest.xml:140:13-48
	android:name
		ADDED from src\main\AndroidManifest.xml:137:13-45
activity#com.escape.app.ui.SignUpActivity
ADDED from src\main\AndroidManifest.xml:143:9-147:51
	android:label
		ADDED from src\main\AndroidManifest.xml:146:13-43
	android:exported
		ADDED from src\main\AndroidManifest.xml:145:13-37
	android:theme
		ADDED from src\main\AndroidManifest.xml:147:13-48
	android:name
		ADDED from src\main\AndroidManifest.xml:144:13-46
activity#com.escape.app.ui.BuddyActivity
ADDED from src\main\AndroidManifest.xml:150:9-154:51
	android:label
		ADDED from src\main\AndroidManifest.xml:153:13-41
	android:exported
		ADDED from src\main\AndroidManifest.xml:152:13-37
	android:theme
		ADDED from src\main\AndroidManifest.xml:154:13-48
	android:name
		ADDED from src\main\AndroidManifest.xml:151:13-45
activity#com.escape.app.ui.AppDetailActivity
ADDED from src\main\AndroidManifest.xml:157:9-161:51
	android:label
		ADDED from src\main\AndroidManifest.xml:160:13-40
	android:exported
		ADDED from src\main\AndroidManifest.xml:159:13-37
	android:theme
		ADDED from src\main\AndroidManifest.xml:161:13-48
	android:name
		ADDED from src\main\AndroidManifest.xml:158:13-49
service#com.escape.app.service.AppMonitoringService
ADDED from src\main\AndroidManifest.xml:164:9-168:56
	android:enabled
		ADDED from src\main\AndroidManifest.xml:167:13-35
	android:exported
		ADDED from src\main\AndroidManifest.xml:166:13-37
	android:foregroundServiceType
		ADDED from src\main\AndroidManifest.xml:168:13-53
	android:name
		ADDED from src\main\AndroidManifest.xml:165:13-57
service#com.escape.app.service.FocusSessionService
ADDED from src\main\AndroidManifest.xml:171:9-175:56
	android:enabled
		ADDED from src\main\AndroidManifest.xml:174:13-35
	android:exported
		ADDED from src\main\AndroidManifest.xml:173:13-37
	android:foregroundServiceType
		ADDED from src\main\AndroidManifest.xml:175:13-53
	android:name
		ADDED from src\main\AndroidManifest.xml:172:13-56
uses-sdk
INJECTED from src\main\AndroidManifest.xml reason: use-sdk injection requested
INJECTED from src\main\AndroidManifest.xml
INJECTED from src\main\AndroidManifest.xml
MERGED from [com.google.android.material:material:1.10.0] AndroidManifest.xml:20:5-44
MERGED from [com.google.android.material:material:1.10.0] AndroidManifest.xml:20:5-44
MERGED from [androidx.constraintlayout:constraintlayout:2.1.4] AndroidManifest.xml:5:5-7:41
MERGED from [androidx.constraintlayout:constraintlayout:2.1.4] AndroidManifest.xml:5:5-7:41
MERGED from [androidx.appcompat:appcompat-resources:1.6.1] AndroidManifest.xml:20:5-44
MERGED from [androidx.appcompat:appcompat-resources:1.6.1] AndroidManifest.xml:20:5-44
MERGED from [androidx.appcompat:appcompat:1.6.1] AndroidManifest.xml:20:5-44
MERGED from [androidx.appcompat:appcompat:1.6.1] AndroidManifest.xml:20:5-44
MERGED from [androidx.viewpager2:viewpager2:1.1.0-beta02] AndroidManifest.xml:5:5-44
MERGED from [androidx.viewpager2:viewpager2:1.1.0-beta02] AndroidManifest.xml:5:5-44
MERGED from [androidx.recyclerview:recyclerview:1.3.2] AndroidManifest.xml:20:5-44
MERGED from [androidx.recyclerview:recyclerview:1.3.2] AndroidManifest.xml:20:5-44
MERGED from [androidx.cardview:cardview:1.0.0] AndroidManifest.xml:20:5-44
MERGED from [androidx.cardview:cardview:1.0.0] AndroidManifest.xml:20:5-44
MERGED from [com.google.firebase:firebase-firestore:26.0.2] AndroidManifest.xml:6:5-44
MERGED from [com.google.firebase:firebase-firestore:26.0.2] AndroidManifest.xml:6:5-44
MERGED from [io.grpc:grpc-android:1.62.2] AndroidManifest.xml:5:5-44
MERGED from [io.grpc:grpc-android:1.62.2] AndroidManifest.xml:5:5-44
MERGED from [com.google.firebase:firebase-analytics:23.0.0] AndroidManifest.xml:5:5-44
MERGED from [com.google.firebase:firebase-analytics:23.0.0] AndroidManifest.xml:5:5-44
MERGED from [com.google.firebase:firebase-auth:24.0.1] AndroidManifest.xml:21:5-23:151
MERGED from [com.google.firebase:firebase-auth:24.0.1] AndroidManifest.xml:21:5-23:151
MERGED from [com.google.firebase:firebase-database:22.0.1] AndroidManifest.xml:18:5-44
MERGED from [com.google.firebase:firebase-database:22.0.1] AndroidManifest.xml:18:5-44
MERGED from [com.google.firebase:firebase-storage:22.0.1] AndroidManifest.xml:19:5-44
MERGED from [com.google.firebase:firebase-storage:22.0.1] AndroidManifest.xml:19:5-44
MERGED from [com.google.firebase:firebase-appcheck:19.0.1] AndroidManifest.xml:18:5-44
MERGED from [com.google.firebase:firebase-appcheck:19.0.1] AndroidManifest.xml:18:5-44
MERGED from [com.google.android.gms:play-services-measurement-api:23.0.0] AndroidManifest.xml:20:5-44
MERGED from [com.google.android.gms:play-services-measurement-api:23.0.0] AndroidManifest.xml:20:5-44
MERGED from [com.google.firebase:firebase-auth-interop:20.0.0] AndroidManifest.xml:5:5-44
MERGED from [com.google.firebase:firebase-auth-interop:20.0.0] AndroidManifest.xml:5:5-44
MERGED from [com.google.firebase:firebase-installations:19.0.1] AndroidManifest.xml:5:5-44
MERGED from [com.google.firebase:firebase-installations:19.0.1] AndroidManifest.xml:5:5-44
MERGED from [com.google.firebase:firebase-common:22.0.1] AndroidManifest.xml:19:5-44
MERGED from [com.google.firebase:firebase-common:22.0.1] AndroidManifest.xml:19:5-44
MERGED from [com.google.android.gms:play-services-measurement:23.0.0] AndroidManifest.xml:20:5-44
MERGED from [com.google.android.gms:play-services-measurement:23.0.0] AndroidManifest.xml:20:5-44
MERGED from [com.google.android.gms:play-services-measurement-sdk:23.0.0] AndroidManifest.xml:20:5-44
MERGED from [com.google.android.gms:play-services-measurement-sdk:23.0.0] AndroidManifest.xml:20:5-44
MERGED from [androidx.credentials:credentials:1.2.0-rc01] AndroidManifest.xml:5:5-44
MERGED from [androidx.credentials:credentials:1.2.0-rc01] AndroidManifest.xml:5:5-44
MERGED from [androidx.credentials:credentials-play-services-auth:1.2.0-rc01] AndroidManifest.xml:21:5-44
MERGED from [androidx.credentials:credentials-play-services-auth:1.2.0-rc01] AndroidManifest.xml:21:5-44
MERGED from [com.google.android.gms:play-services-auth:20.7.0] AndroidManifest.xml:20:5-44
MERGED from [com.google.android.gms:play-services-auth:20.7.0] AndroidManifest.xml:20:5-44
MERGED from [com.google.android.gms:play-services-auth-api-phone:18.0.2] AndroidManifest.xml:5:5-44
MERGED from [com.google.android.gms:play-services-auth-api-phone:18.0.2] AndroidManifest.xml:5:5-44
MERGED from [com.google.android.recaptcha:recaptcha:18.6.1] AndroidManifest.xml:5:5-44
MERGED from [com.google.android.recaptcha:recaptcha:18.6.1] AndroidManifest.xml:5:5-44
MERGED from [com.google.android.play:integrity:1.3.0] AndroidManifest.xml:4:5-44
MERGED from [com.google.android.play:integrity:1.3.0] AndroidManifest.xml:4:5-44
MERGED from [com.google.firebase:firebase-appcheck-interop:17.1.0] AndroidManifest.xml:18:5-44
MERGED from [com.google.firebase:firebase-appcheck-interop:17.1.0] AndroidManifest.xml:18:5-44
MERGED from [com.google.android.gms:play-services-measurement-impl:23.0.0] AndroidManifest.xml:20:5-44
MERGED from [com.google.android.gms:play-services-measurement-impl:23.0.0] AndroidManifest.xml:20:5-44
MERGED from [com.google.android.gms:play-services-fido:20.1.0] AndroidManifest.xml:5:5-44